2024-12-03 18:13:48,092 son-nb-jro-20 /Library/Java/JavaVirtualMachines/jdk-23.0.1.jdk/Contents/Home/bin/java[81094] ERROR [io.qua.hib.orm.run.sch.SchemaManagementIntegrator] (Hibernate post-boot validation thread for <default>) Failed to validate Schema: Schema-validation: missing table [AccountEntity]
2024-12-03 18:13:48,099 son-nb-jro-20 /Library/Java/JavaVirtualMachines/jdk-23.0.1.jdk/Contents/Home/bin/java[81094] ERROR [io.qua.hib.orm.run.sch.SchemaManagementIntegrator] (Hibernate post-boot validation thread for <default>) The following SQL may resolve the database issues, as generated by the Hibernate schema migration tool. WARNING: You must manually verify this SQL is correct, this is a best effort guess, do not copy/paste it without verifying that it does what you expect.

create table AccountEntity (id bigint not null, accounttype varchar(255), currency varchar(255), description varchar(255), name varchar(255), notes varchar(255), primary key (id));
create table AccountEntity_SEQ (next_val bigint);
insert into AccountEntity_SEQ values ( 1 );
create table BudgetEntity (id bigint not null, currency varchar(255), description varchar(255), name varchar(255), notes varchar(255), primary key (id));
create table BudgetEntity_SEQ (next_val bigint);
insert into BudgetEntity_SEQ values ( 1 );
create table TransactionEntity (id bigint not null, amount float not null, category varchar(255), currency varchar(255), datetimestamp varchar(255), description varchar(255), name varchar(255), notes varchar(255), primary key (id));
create table TransactionEntity_SEQ (next_val bigint);
insert into TransactionEntity_SEQ values ( 1 );

2024-12-03 18:13:48,142 son-nb-jro-20 /Library/Java/JavaVirtualMachines/jdk-23.0.1.jdk/Contents/Home/bin/java[81094] INFO  [io.quarkus] (Quarkus Main Thread) budgetapp 0.2.1 on JVM (powered by Quarkus 3.17.2) started in 1.785s. Listening on: http://localhost:8080
2024-12-03 18:13:48,142 son-nb-jro-20 /Library/Java/JavaVirtualMachines/jdk-23.0.1.jdk/Contents/Home/bin/java[81094] INFO  [io.quarkus] (Quarkus Main Thread) Profile dev activated. Live Coding activated.
2024-12-03 18:13:48,143 son-nb-jro-20 /Library/Java/JavaVirtualMachines/jdk-23.0.1.jdk/Contents/Home/bin/java[81094] INFO  [io.quarkus] (Quarkus Main Thread) Installed features: [agroal, cdi, hibernate-orm, hibernate-orm-panache, jdbc-sqlite, narayana-jta, qute, rest, rest-jackson, rest-qute, smallrye-context-propagation, vertx]
2024-12-03 18:13:53,466 son-nb-jro-20 /Library/Java/JavaVirtualMachines/jdk-23.0.1.jdk/Contents/Home/bin/java[81094] ERROR [org.hib.id.enh.TableStructure] (executor-thread-1) could not read a hi value

Exception in TransactionResource.java:29
	  27      tEntity.currency = "EUR";
	  28      tEntity.notes = "EXAMPLE";
	→ 29      tEntity.persist();
	  30      return tEntity;
	  31    }

: org.sqlite.SQLiteException: [SQLITE_ERROR] SQL error or missing database (no such table: TransactionEntity_SEQ)
	at org.sqlite.core.DB.newSQLException(DB.java:1179)
	at org.sqlite.core.DB.newSQLException(DB.java:1190)
	at org.sqlite.core.DB.throwex(DB.java:1150)
	at org.sqlite.core.NativeDB.prepare_utf8(Native Method)
	at org.sqlite.core.NativeDB.prepare(NativeDB.java:132)
	at org.sqlite.core.DB.prepare(DB.java:264)
	at org.sqlite.core.CorePreparedStatement.<init>(CorePreparedStatement.java:46)
	at org.sqlite.jdbc3.JDBC3PreparedStatement.<init>(JDBC3PreparedStatement.java:32)
	at org.sqlite.jdbc4.JDBC4PreparedStatement.<init>(JDBC4PreparedStatement.java:25)
	at org.sqlite.jdbc4.JDBC4Connection.prepareStatement(JDBC4Connection.java:34)
	at org.sqlite.jdbc3.JDBC3Connection.prepareStatement(JDBC3Connection.java:225)
	at org.sqlite.jdbc3.JDBC3Connection.prepareStatement(JDBC3Connection.java:205)
	at io.agroal.pool.wrapper.ConnectionWrapper.prepareStatement(ConnectionWrapper.java:647)
	at org.hibernate.id.enhanced.TableStructure.prepareStatement(TableStructure.java:215)
	at org.hibernate.id.enhanced.TableStructure$1$1.execute(TableStructure.java:142)
	at org.hibernate.id.enhanced.TableStructure$1$1.execute(TableStructure.java:136)
	at org.hibernate.jdbc.WorkExecutor.executeReturningWork(WorkExecutor.java:58)
	at org.hibernate.jdbc.AbstractReturningWork.accept(AbstractReturningWork.java:34)
	at org.hibernate.resource.transaction.backend.jta.internal.JtaIsolationDelegate.doTheWork(JtaIsolationDelegate.java:187)
	at org.hibernate.resource.transaction.backend.jta.internal.JtaIsolationDelegate.lambda$delegateWork$2(JtaIsolationDelegate.java:90)
	at org.hibernate.resource.transaction.backend.jta.internal.JtaIsolationDelegate.doInNewTransaction(JtaIsolationDelegate.java:161)
	at org.hibernate.resource.transaction.backend.jta.internal.JtaIsolationDelegate.lambda$delegateWork$3(JtaIsolationDelegate.java:90)
	at org.hibernate.resource.transaction.backend.jta.internal.JtaIsolationDelegate.doInSuspendedTransaction(JtaIsolationDelegate.java:125)
	at org.hibernate.resource.transaction.backend.jta.internal.JtaIsolationDelegate.delegateWork(JtaIsolationDelegate.java:88)
	at org.hibernate.id.enhanced.TableStructure$1.getNextValue(TableStructure.java:135)
	at org.hibernate.id.enhanced.PooledLoOptimizer.generate(PooledLoOptimizer.java:65)
	at org.hibernate.id.enhanced.SequenceStyleGenerator.generate(SequenceStyleGenerator.java:585)
	at org.hibernate.id.IdentifierGenerator.generate(IdentifierGenerator.java:135)
	at org.hibernate.event.internal.AbstractSaveEventListener.generateId(AbstractSaveEventListener.java:155)
	at org.hibernate.event.internal.AbstractSaveEventListener.saveWithGeneratedId(AbstractSaveEventListener.java:126)
	at org.hibernate.event.internal.DefaultPersistEventListener.entityIsTransient(DefaultPersistEventListener.java:177)
	at org.hibernate.event.internal.DefaultPersistEventListener.persist(DefaultPersistEventListener.java:95)
	at org.hibernate.event.internal.DefaultPersistEventListener.onPersist(DefaultPersistEventListener.java:79)
	at org.hibernate.event.internal.DefaultPersistEventListener.onPersist(DefaultPersistEventListener.java:55)
	at org.hibernate.event.service.internal.EventListenerGroupImpl.fireEventOnEachListener(EventListenerGroupImpl.java:127)
	at org.hibernate.internal.SessionImpl.firePersist(SessionImpl.java:761)
	at org.hibernate.internal.SessionImpl.persist(SessionImpl.java:745)
	at io.quarkus.hibernate.orm.runtime.session.TransactionScopedSession.persist(TransactionScopedSession.java:146)
	at org.hibernate.engine.spi.SessionLazyDelegator.persist(SessionLazyDelegator.java:282)
	at org.hibernate.Session_OpdLahisOZ9nWRPXMsEFQmQU03A_Synthetic_ClientProxy.persist(Unknown Source)
	at io.quarkus.hibernate.orm.panache.common.runtime.AbstractJpaOperations.persist(AbstractJpaOperations.java:105)
	at io.quarkus.hibernate.orm.panache.common.runtime.AbstractJpaOperations.persist(AbstractJpaOperations.java:100)
	at io.quarkus.hibernate.orm.panache.PanacheEntityBase.persist(PanacheEntityBase.java:65)
	at net.jar.quarkus.TransactionResource.getExample(TransactionResource.java:29)
	at net.jar.quarkus.TransactionResource_Subclass.getExample$$superforward(Unknown Source)
	at net.jar.quarkus.TransactionResource_Subclass$$function$$1.apply(Unknown Source)
	at io.quarkus.arc.impl.AroundInvokeInvocationContext.proceed(AroundInvokeInvocationContext.java:73)
	at io.quarkus.arc.impl.AroundInvokeInvocationContext.proceed(AroundInvokeInvocationContext.java:62)
	at io.quarkus.narayana.jta.runtime.interceptor.TransactionalInterceptorBase.invokeInOurTx(TransactionalInterceptorBase.java:136)
	at io.quarkus.narayana.jta.runtime.interceptor.TransactionalInterceptorBase.invokeInOurTx(TransactionalInterceptorBase.java:107)
	at io.quarkus.narayana.jta.runtime.interceptor.TransactionalInterceptorRequired.doIntercept(TransactionalInterceptorRequired.java:38)
	at io.quarkus.narayana.jta.runtime.interceptor.TransactionalInterceptorBase.intercept(TransactionalInterceptorBase.java:61)
	at io.quarkus.narayana.jta.runtime.interceptor.TransactionalInterceptorRequired.intercept(TransactionalInterceptorRequired.java:32)
	at io.quarkus.narayana.jta.runtime.interceptor.TransactionalInterceptorRequired_Bean.intercept(Unknown Source)
	at io.quarkus.arc.impl.InterceptorInvocation.invoke(InterceptorInvocation.java:42)
	at io.quarkus.arc.impl.AroundInvokeInvocationContext.perform(AroundInvokeInvocationContext.java:30)
	at io.quarkus.arc.impl.InvocationContexts.performAroundInvoke(InvocationContexts.java:27)
	at net.jar.quarkus.TransactionResource_Subclass.getExample(Unknown Source)
	at net.jar.quarkus.TransactionResource_ClientProxy.getExample(Unknown Source)
	at net.jar.quarkus.TransactionResource$quarkusrestinvoker$getExample_9104f8c42afdc83128d9dc6f50b93079a3c37a4d.invoke(Unknown Source)
	at org.jboss.resteasy.reactive.server.handlers.InvocationHandler.handle(InvocationHandler.java:29)
	at io.quarkus.resteasy.reactive.server.runtime.QuarkusResteasyReactiveRequestContext.invokeHandler(QuarkusResteasyReactiveRequestContext.java:141)
	at org.jboss.resteasy.reactive.common.core.AbstractResteasyReactiveContext.run(AbstractResteasyReactiveContext.java:147)
	at io.quarkus.vertx.core.runtime.VertxCoreRecorder$15.runWith(VertxCoreRecorder.java:637)
	at org.jboss.threads.EnhancedQueueExecutor$Task.doRunWith(EnhancedQueueExecutor.java:2675)
	at org.jboss.threads.EnhancedQueueExecutor$Task.run(EnhancedQueueExecutor.java:2654)
	at org.jboss.threads.EnhancedQueueExecutor.runThreadBody(EnhancedQueueExecutor.java:1627)
	at org.jboss.threads.EnhancedQueueExecutor$ThreadBody.run(EnhancedQueueExecutor.java:1594)
	at org.jboss.threads.DelegatingRunnable.run(DelegatingRunnable.java:11)
	at org.jboss.threads.ThreadLocalResettingRunnable.run(ThreadLocalResettingRunnable.java:11)
	at io.netty.util.concurrent.FastThreadLocalRunnable.run(FastThreadLocalRunnable.java:30)
	at java.base/java.lang.Thread.run(Thread.java:1575)

2024-12-03 18:13:53,483 son-nb-jro-20 /Library/Java/JavaVirtualMachines/jdk-23.0.1.jdk/Contents/Home/bin/java[81094] ERROR [io.qua.ver.htt.run.QuarkusErrorHandler] (executor-thread-1) HTTP Request to /transaction/example failed, error id: 25d56a9e-2f81-478f-8a6c-43312ed42286-1: org.hibernate.HibernateException: Could not apply work
	at org.hibernate.resource.transaction.backend.jta.internal.JtaIsolationDelegate.doInNewTransaction(JtaIsolationDelegate.java:173)
	at org.hibernate.resource.transaction.backend.jta.internal.JtaIsolationDelegate.lambda$delegateWork$3(JtaIsolationDelegate.java:90)
	at org.hibernate.resource.transaction.backend.jta.internal.JtaIsolationDelegate.doInSuspendedTransaction(JtaIsolationDelegate.java:125)
	at org.hibernate.resource.transaction.backend.jta.internal.JtaIsolationDelegate.delegateWork(JtaIsolationDelegate.java:88)
	at org.hibernate.id.enhanced.TableStructure$1.getNextValue(TableStructure.java:135)
	at org.hibernate.id.enhanced.PooledLoOptimizer.generate(PooledLoOptimizer.java:65)
	at org.hibernate.id.enhanced.SequenceStyleGenerator.generate(SequenceStyleGenerator.java:585)
	at org.hibernate.id.IdentifierGenerator.generate(IdentifierGenerator.java:135)
	at org.hibernate.event.internal.AbstractSaveEventListener.generateId(AbstractSaveEventListener.java:155)
	at org.hibernate.event.internal.AbstractSaveEventListener.saveWithGeneratedId(AbstractSaveEventListener.java:126)
	at org.hibernate.event.internal.DefaultPersistEventListener.entityIsTransient(DefaultPersistEventListener.java:177)
	at org.hibernate.event.internal.DefaultPersistEventListener.persist(DefaultPersistEventListener.java:95)
	at org.hibernate.event.internal.DefaultPersistEventListener.onPersist(DefaultPersistEventListener.java:79)
	at org.hibernate.event.internal.DefaultPersistEventListener.onPersist(DefaultPersistEventListener.java:55)
	at org.hibernate.event.service.internal.EventListenerGroupImpl.fireEventOnEachListener(EventListenerGroupImpl.java:127)
	at org.hibernate.internal.SessionImpl.firePersist(SessionImpl.java:761)
	at org.hibernate.internal.SessionImpl.persist(SessionImpl.java:745)
	at io.quarkus.hibernate.orm.runtime.session.TransactionScopedSession.persist(TransactionScopedSession.java:146)
	at org.hibernate.engine.spi.SessionLazyDelegator.persist(SessionLazyDelegator.java:282)
	at org.hibernate.Session_OpdLahisOZ9nWRPXMsEFQmQU03A_Synthetic_ClientProxy.persist(Unknown Source)
	at io.quarkus.hibernate.orm.panache.common.runtime.AbstractJpaOperations.persist(AbstractJpaOperations.java:105)
	at io.quarkus.hibernate.orm.panache.common.runtime.AbstractJpaOperations.persist(AbstractJpaOperations.java:100)
	at io.quarkus.hibernate.orm.panache.PanacheEntityBase.persist(PanacheEntityBase.java:65)
	at net.jar.quarkus.TransactionResource.getExample(TransactionResource.java:29)
	at net.jar.quarkus.TransactionResource_Subclass.getExample$$superforward(Unknown Source)
	at net.jar.quarkus.TransactionResource_Subclass$$function$$1.apply(Unknown Source)
	at io.quarkus.arc.impl.AroundInvokeInvocationContext.proceed(AroundInvokeInvocationContext.java:73)
	at io.quarkus.arc.impl.AroundInvokeInvocationContext.proceed(AroundInvokeInvocationContext.java:62)
	at io.quarkus.narayana.jta.runtime.interceptor.TransactionalInterceptorBase.invokeInOurTx(TransactionalInterceptorBase.java:136)
	at io.quarkus.narayana.jta.runtime.interceptor.TransactionalInterceptorBase.invokeInOurTx(TransactionalInterceptorBase.java:107)
	at io.quarkus.narayana.jta.runtime.interceptor.TransactionalInterceptorRequired.doIntercept(TransactionalInterceptorRequired.java:38)
	at io.quarkus.narayana.jta.runtime.interceptor.TransactionalInterceptorBase.intercept(TransactionalInterceptorBase.java:61)
	at io.quarkus.narayana.jta.runtime.interceptor.TransactionalInterceptorRequired.intercept(TransactionalInterceptorRequired.java:32)
	at io.quarkus.narayana.jta.runtime.interceptor.TransactionalInterceptorRequired_Bean.intercept(Unknown Source)
	at io.quarkus.arc.impl.InterceptorInvocation.invoke(InterceptorInvocation.java:42)
	at io.quarkus.arc.impl.AroundInvokeInvocationContext.perform(AroundInvokeInvocationContext.java:30)
	at io.quarkus.arc.impl.InvocationContexts.performAroundInvoke(InvocationContexts.java:27)
	at net.jar.quarkus.TransactionResource_Subclass.getExample(Unknown Source)
	at net.jar.quarkus.TransactionResource_ClientProxy.getExample(Unknown Source)
	at net.jar.quarkus.TransactionResource$quarkusrestinvoker$getExample_9104f8c42afdc83128d9dc6f50b93079a3c37a4d.invoke(Unknown Source)
	at org.jboss.resteasy.reactive.server.handlers.InvocationHandler.handle(InvocationHandler.java:29)
	at io.quarkus.resteasy.reactive.server.runtime.QuarkusResteasyReactiveRequestContext.invokeHandler(QuarkusResteasyReactiveRequestContext.java:141)
	at org.jboss.resteasy.reactive.common.core.AbstractResteasyReactiveContext.run(AbstractResteasyReactiveContext.java:147)
	at io.quarkus.vertx.core.runtime.VertxCoreRecorder$15.runWith(VertxCoreRecorder.java:637)
	at org.jboss.threads.EnhancedQueueExecutor$Task.doRunWith(EnhancedQueueExecutor.java:2675)
	at org.jboss.threads.EnhancedQueueExecutor$Task.run(EnhancedQueueExecutor.java:2654)
	at org.jboss.threads.EnhancedQueueExecutor.runThreadBody(EnhancedQueueExecutor.java:1627)
	at org.jboss.threads.EnhancedQueueExecutor$ThreadBody.run(EnhancedQueueExecutor.java:1594)
	at org.jboss.threads.DelegatingRunnable.run(DelegatingRunnable.java:11)
	at org.jboss.threads.ThreadLocalResettingRunnable.run(ThreadLocalResettingRunnable.java:11)
	at io.netty.util.concurrent.FastThreadLocalRunnable.run(FastThreadLocalRunnable.java:30)
	at java.base/java.lang.Thread.run(Thread.java:1575)
Caused by: org.hibernate.HibernateException: Unable to perform isolated work
	at org.hibernate.resource.transaction.backend.jta.internal.JtaIsolationDelegate.doTheWork(JtaIsolationDelegate.java:193)
	at org.hibernate.resource.transaction.backend.jta.internal.JtaIsolationDelegate.lambda$delegateWork$2(JtaIsolationDelegate.java:90)
	at org.hibernate.resource.transaction.backend.jta.internal.JtaIsolationDelegate.doInNewTransaction(JtaIsolationDelegate.java:161)
	... 51 more
Caused by: org.sqlite.SQLiteException: [SQLITE_ERROR] SQL error or missing database (no such table: TransactionEntity_SEQ)
	at org.sqlite.core.DB.newSQLException(DB.java:1179)
	at org.sqlite.core.DB.newSQLException(DB.java:1190)
	at org.sqlite.core.DB.throwex(DB.java:1150)
	at org.sqlite.core.NativeDB.prepare_utf8(Native Method)
	at org.sqlite.core.NativeDB.prepare(NativeDB.java:132)
	at org.sqlite.core.DB.prepare(DB.java:264)
	at org.sqlite.core.CorePreparedStatement.<init>(CorePreparedStatement.java:46)
	at org.sqlite.jdbc3.JDBC3PreparedStatement.<init>(JDBC3PreparedStatement.java:32)
	at org.sqlite.jdbc4.JDBC4PreparedStatement.<init>(JDBC4PreparedStatement.java:25)
	at org.sqlite.jdbc4.JDBC4Connection.prepareStatement(JDBC4Connection.java:34)
	at org.sqlite.jdbc3.JDBC3Connection.prepareStatement(JDBC3Connection.java:225)
	at org.sqlite.jdbc3.JDBC3Connection.prepareStatement(JDBC3Connection.java:205)
	at io.agroal.pool.wrapper.ConnectionWrapper.prepareStatement(ConnectionWrapper.java:647)
	at org.hibernate.id.enhanced.TableStructure.prepareStatement(TableStructure.java:215)
	at org.hibernate.id.enhanced.TableStructure$1$1.execute(TableStructure.java:142)
	at org.hibernate.id.enhanced.TableStructure$1$1.execute(TableStructure.java:136)
	at org.hibernate.jdbc.WorkExecutor.executeReturningWork(WorkExecutor.java:58)
	at org.hibernate.jdbc.AbstractReturningWork.accept(AbstractReturningWork.java:34)
	at org.hibernate.resource.transaction.backend.jta.internal.JtaIsolationDelegate.doTheWork(JtaIsolationDelegate.java:187)
	... 53 more

2024-12-03 18:14:02,001 son-nb-jro-20 /Library/Java/JavaVirtualMachines/jdk-23.0.1.jdk/Contents/Home/bin/java[81094] INFO  [io.quarkus] (Quarkus Main Thread) budgetapp stopped in 0.034s
